{"logLevel":"debug","message":"multithreading is set to false"}
{"logLevel":"debug","message":"Using reflection to scan dependencies for gauge implementations..."}
SLF4J: No SLF4J providers were found.
SLF4J: Defaulting to no-operation (NOP) logger implementation
SLF4J: See https://www.slf4j.org/codes.html#noProviders for further details.
{"logLevel":"debug","message":"gauge-java took 3769milliseconds to load and scan. This should be less than 'runner_connection_timeout' config value."}
{"logLevel":"debug","message":"run 'gauge config runner_connection_timeout' and verify that it is < 3769"}
{"logLevel":"debug","message":"starting gRPC server..."}
{"logLevel":"debug","message":"started gRPC server on port 54613"}
{"logLevel":"info","message":"Listening on port:54613"}
{"logLevel":"debug","message":"Scanning packages for steps"}
{"logLevel":"debug","message":"Comparing 'org.example.StepImplementation.gotoGetStartedPage' and 'org.example.StepImplementation.gotoGetStartedPage'"}
{"logLevel":"debug","message":"Found Go to Website in current project scope."}
{"logLevel":"debug","message":"Comparing 'org.example.StepImplementation.register' and 'org.example.StepImplementation.register'"}
{"logLevel":"debug","message":"Found Register in current project scope."}
{"logLevel":"debug","message":"Comparing 'org.example.StepImplementation.signUpMethod' and 'org.example.StepImplementation.signUpMethod'"}
{"logLevel":"debug","message":"Found Sing Up in current project scope."}
{"logLevel":"debug","message":"Scanning packages for hooks"}
{"logLevel":"debug","message":"Scanned steps (using static parsing + reflections): "}
{"logLevel":"debug","message":"\tGo to Website : public void gotoGetStartedPage() throws InterruptedException"}
{"logLevel":"debug","message":"\tSing Up : public void signUpMethod() throws InterruptedException"}
{"logLevel":"debug","message":"\tRegister : public void register() throws InterruptedException"}
Oct 26, 2023 10:04:51 AM org.openqa.selenium.remote.service.DriverService$Builder getLogOutput
INFO: Driver logs no longer sent to console by default; https://www.selenium.dev/documentation/webdriver/drivers/service/#setting-log-output
Oct 26, 2023 10:04:54 AM org.openqa.selenium.devtools.CdpVersionFinder findNearestMatch
WARNING: Unable to find an exact match for CDP version 118, so returning the closest version found: 114
{"logLevel":"debug","message":"Executing 'Go to Website' using 'class org.example.StepImplementation.gotoGetStartedPage"}
{"logLevel":"debug","message":"Executing 'Sing Up' using 'class org.example.StepImplementation.signUpMethod"}
{"logLevel":"debug","message":"Executing 'Register' using 'class org.example.StepImplementation.register"}
{"logLevel":"debug","message":"Killing Java runner..."}
{"logLevel":"debug","message":"Stopping execution pool..."}
{"logLevel":"debug","message":"Shutting down grpc server..."}
{"logLevel":"debug","message":"Runner killed gracefully."}
